Flow report for buzzer
Thu Dec 10 14:32:41 2020
Quartus Prime Version 20.1.0 Build 711 06/05/2020 SJ Lite Edition


---------------------
; Table of Contents ;
---------------------
  1. Legal Notice
  2. Flow Summary
  3. Flow Settings
  4. Flow Non-Default Global Settings
  5. Flow Elapsed Time
  6. Flow OS Summary
  7. Flow Log
  8. Flow Messages
  9. Flow Suppressed Messages



----------------
; Legal Notice ;
----------------
Copyright (C) 2020  Intel Corporation. All rights reserved.
Your use of Intel Corporation's design tools, logic functions 
and other software and tools, and any partner logic 
functions, and any output files from any of the foregoing 
(including device programming or simulation files), and any 
associated documentation or information are expressly subject 
to the terms and conditions of the Intel Program License 
Subscription Agreement, the Intel Quartus Prime License Agreement,
the Intel FPGA IP License Agreement, or other applicable license
agreement, including, without limitation, that your use is for
the sole purpose of programming logic devices manufactured by
Intel and sold by Intel or its authorized distributors.  Please
refer to the applicable agreement for further details, at
https://fpgasoftware.intel.com/eula.



+----------------------------------------------------------------------------------+
; Flow Summary                                                                     ;
+------------------------------------+---------------------------------------------+
; Flow Status                        ; Successful - Thu Dec 10 14:32:35 2020       ;
; Quartus Prime Version              ; 20.1.0 Build 711 06/05/2020 SJ Lite Edition ;
; Revision Name                      ; buzzer                                      ;
; Top-level Entity Name              ; buzzer                                      ;
; Family                             ; Cyclone IV E                                ;
; Device                             ; EP4CE6E22C8                                 ;
; Timing Models                      ; Final                                       ;
; Total logic elements               ; 98 / 6,272 ( 2 % )                          ;
;     Total combinational functions  ; 98 / 6,272 ( 2 % )                          ;
;     Dedicated logic registers      ; 48 / 6,272 ( < 1 % )                        ;
; Total registers                    ; 48                                          ;
; Total pins                         ; 3 / 92 ( 3 % )                              ;
; Total virtual pins                 ; 0                                           ;
; Total memory bits                  ; 0 / 276,480 ( 0 % )                         ;
; Embedded Multiplier 9-bit elements ; 0 / 30 ( 0 % )                              ;
; Total PLLs                         ; 0 / 2 ( 0 % )                               ;
+------------------------------------+---------------------------------------------+


+-----------------------------------------+
; Flow Settings                           ;
+-------------------+---------------------+
; Option            ; Setting             ;
+-------------------+---------------------+
; Start date & time ; 12/10/2020 14:31:52 ;
; Main task         ; Compilation         ;
; Revision Name     ; buzzer              ;
+-------------------+---------------------+


+---------------------------------------------------------------------------------------------------------------------------------------------------------------------------+
; Flow Non-Default Global Settings                                                                                                                                          ;
+---------------------------------------+----------------------------------------------------------------------------------------+---------------+-------------+------------+
; Assignment Name                       ; Value                                                                                  ; Default Value ; Entity Name ; Section Id ;
+---------------------------------------+----------------------------------------------------------------------------------------+---------------+-------------+------------+
; COMPILER_SIGNATURE_ID                 ; 165929511954221.160762871106828                                                        ; --            ; --          ; --         ;
; FITTER_EFFORT                         ; Standard Fit                                                                           ; Auto Fit      ; --          ; --         ;
; MAX_CORE_JUNCTION_TEMP                ; 85                                                                                     ; --            ; --          ; --         ;
; MIN_CORE_JUNCTION_TEMP                ; 0                                                                                      ; --            ; --          ; --         ;
; MISC_FILE                             ; G:/CPLD_160_Vrlog/Verlog 没有调试/蜂鸣器/buzzer.dpf                                    ; --            ; --          ; --         ;
; MISC_FILE                             ; E:/A-C8V4整理的Verilog程序/蜂鸣器/buzzer.dpf                                           ; --            ; --          ; --         ;
; MISC_FILE                             ; E:/A-C5FB/A-C8V4开发板-整理的Verilog程序/18实验十八：利用语言实现蜂鸣器唱歌/buzzer.dpf ; --            ; --          ; --         ;
; MISC_FILE                             ; G:/A-C5FB/A-C5FB/A-C8V4开发板-整理的Verilog程序/18实验十八：蜂鸣器唱歌/buzzer.dpf      ; --            ; --          ; --         ;
; MISC_FILE                             ; D:/C-M240/Verilog-Examples/18-bell/buzzer.dpf                                          ; --            ; --          ; --         ;
; MISC_FILE                             ; E:/A-C2FB English/Verilog-Examples/18-bell/buzzer.dpf                                  ; --            ; --          ; --         ;
; OPTIMIZE_HOLD_TIMING                  ; Off                                                                                    ; All Paths     ; --          ; --         ;
; PARTITION_COLOR                       ; -- (Not supported for targeted family)                                                 ; --            ; --          ; Top        ;
; PARTITION_FITTER_PRESERVATION_LEVEL   ; -- (Not supported for targeted family)                                                 ; --            ; --          ; Top        ;
; PARTITION_NETLIST_TYPE                ; -- (Not supported for targeted family)                                                 ; --            ; --          ; Top        ;
; POWER_EXT_SUPPLY_VOLTAGE_TO_REGULATOR ; -- (Not supported for targeted family)                                                 ; --            ; --          ; --         ;
+---------------------------------------+----------------------------------------------------------------------------------------+---------------+-------------+------------+


+--------------------------------------------------------------------------------------------------------------------------+
; Flow Elapsed Time                                                                                                        ;
+----------------------+--------------+-------------------------+---------------------+------------------------------------+
; Module Name          ; Elapsed Time ; Average Processors Used ; Peak Virtual Memory ; Total CPU Time (on all processors) ;
+----------------------+--------------+-------------------------+---------------------+------------------------------------+
; Analysis & Synthesis ; 00:00:29     ; 1.0                     ; 4735 MB             ; 00:00:42                           ;
; Fitter               ; 00:00:09     ; 1.0                     ; 5209 MB             ; 00:00:09                           ;
; Assembler            ; 00:00:01     ; 1.0                     ; 4684 MB             ; 00:00:01                           ;
; Timing Analyzer      ; 00:00:04     ; 1.0                     ; 4731 MB             ; 00:00:03                           ;
; Total                ; 00:00:43     ; --                      ; --                  ; 00:00:55                           ;
+----------------------+--------------+-------------------------+---------------------+------------------------------------+


+------------------------------------------------------------------------------------+
; Flow OS Summary                                                                    ;
+----------------------+------------------+------------+------------+----------------+
; Module Name          ; Machine Hostname ; OS Name    ; OS Version ; Processor type ;
+----------------------+------------------+------------+------------+----------------+
; Analysis & Synthesis ; DESKTOP-1DCLNFC  ; Windows 10 ; 10.0       ; x86_64         ;
; Fitter               ; DESKTOP-1DCLNFC  ; Windows 10 ; 10.0       ; x86_64         ;
; Assembler            ; DESKTOP-1DCLNFC  ; Windows 10 ; 10.0       ; x86_64         ;
; Timing Analyzer      ; DESKTOP-1DCLNFC  ; Windows 10 ; 10.0       ; x86_64         ;
+----------------------+------------------+------------+------------+----------------+


------------
; Flow Log ;
------------
quartus_map --read_settings_files=on --write_settings_files=off buzzer -c buzzer
quartus_fit --read_settings_files=off --write_settings_files=off buzzer -c buzzer
quartus_asm --read_settings_files=off --write_settings_files=off buzzer -c buzzer
quartus_sta buzzer -c buzzer



